<?xml version="1.0" encoding="UTF-8"?>
<testng-results skipped="0" failed="0" ignored="0" total="1" passed="1">
  <reporter-output>
  </reporter-output>
  <suite name="Default suite" duration-ms="5835" started-at="2021-10-13T09:28:50Z" finished-at="2021-10-13T09:28:56Z">
    <groups>
    </groups>
    <test name="Default test" duration-ms="5835" started-at="2021-10-13T09:28:50Z" finished-at="2021-10-13T09:28:56Z">
      <class name="loginTests.UdemyLogin">
        <test-method status="PASS" signature="beforeTest()[pri:0, instance:loginTests.UdemyLogin@7c417213]" name="beforeTest" is-config="true" duration-ms="1884" started-at="2021-10-13T09:28:50Z" finished-at="2021-10-13T09:28:52Z">
          <reporter-output>
          </reporter-output>
        </test-method> <!-- beforeTest -->
        <test-method status="PASS" signature="titleTest()[pri:0, instance:loginTests.UdemyLogin@7c417213]" name="titleTest" duration-ms="1273" started-at="2021-10-13T09:28:52Z" finished-at="2021-10-13T09:28:53Z">
          <reporter-output>
          </reporter-output>
        </test-method> <!-- titleTest -->
        <test-method status="PASS" signature="afterTest()[pri:0, instance:loginTests.UdemyLogin@7c417213]" name="afterTest" is-config="true" duration-ms="2646" started-at="2021-10-13T09:28:53Z" finished-at="2021-10-13T09:28:56Z">
          <reporter-output>
          </reporter-output>
        </test-method> <!-- afterTest -->
      </class> <!-- loginTests.UdemyLogin -->
    </test> <!-- Default test -->
  </suite> <!-- Default suite -->
</testng-results>
